-------------------------------------------------------------------------------
Test set: LoginCourierApiTest
-------------------------------------------------------------------------------
Tests run: 6, Failures: 2, Errors: 0, Skipped: 0, Time elapsed: 125.626 s <<< FAILURE! - in LoginCourierApiTest
courierLoginAlsoAllRequiredDataTest(LoginCourierApiTest)  Time elapsed: 61.371 s  <<< FAILURE!
java.lang.AssertionError: The Response Code of login without pass is incorrect expected:<404> but was:<504>
	at LoginCourierApiTest.courierLoginAlsoAllRequiredDataTest(LoginCourierApiTest.java:57)

courierAuthWithoutRequiredDateReturnErrorTest(LoginCourierApiTest)  Time elapsed: 60.858 s  <<< FAILURE!
java.lang.AssertionError: Courier Auth without password return Incorrect code expected:<400> but was:<504>
	at LoginCourierApiTest.courierAuthWithoutRequiredDateReturnErrorTest(LoginCourierApiTest.java:92)

